GROUP,PACKAGE,CLASS,INSTRUCTION_MISSED,INSTRUCTION_COVERED,BRANCH_MISSED,BRANCH_COVERED,LINE_MISSED,LINE_COVERED,COMPLEXITY_MISSED,COMPLEXITY_COVERED,METHOD_MISSED,METHOD_COVERED
review-service,com.reviewservice.controller,ReviewControllerImpl,8,47,0,0,2,13,1,6,1,6
review-service,com.reviewservice.controller,StatementControllerImpl,8,47,0,0,2,13,1,6,1,6
review-service,com.reviewservice,ReviewServiceApplication,5,3,0,0,2,1,1,1,1,1
review-service,com.reviewservice.exception,ErrorResponse,27,36,0,0,14,13,7,7,7,7
review-service,com.reviewservice.exception,GlobalExceptionHandler,80,19,0,0,18,6,5,2,5,2
review-service,com.reviewservice.exception,ResourceNotFoundException,6,12,0,0,2,4,2,1,2,1
review-service,com.reviewservice.service,StatementServiceImpl,34,205,2,2,6,49,3,11,2,10
review-service,com.reviewservice.service,ReviewServiceImpl,34,217,2,2,6,52,3,11,2,10
review-service,com.reviewservice.enums,ReviewStatus,0,27,0,0,0,5,0,1,0,1
review-service,com.reviewservice.enums,StatementStatus,0,27,0,0,0,5,0,1,0,1
review-service,com.reviewservice.enums,PeriodType,0,27,0,0,0,5,0,1,0,1
review-service,com.reviewservice.validation,DateRangeValidator,18,58,4,4,8,16,4,3,0,3
