<?xml version="1.0" encoding="UTF-8"?>
<testsuite xmlns:xsi="http://www.w3.org/2001/XMLSchema-instance" xsi:noNamespaceSchemaLocation="https://maven.apache.org/surefire/maven-surefire-plugin/xsd/surefire-test-report.xsd" version="3.0.2" name="com.wealthpro.orderexecution.controller.OrderControllerImplTest" time="6.927" tests="9" errors="0" skipped="0" failures="0">
  <properties>
[...]
</properties>
  <testcase name="testGetAllOrders_positive" classname="com.wealthpro.orderexecution.controller.OrderControllerImplTest" time="0.39">
    <system-out><![CDATA[09:23:25.194 [main] INFO org.springframework.test.context.support.AnnotationConfigContextLoaderUtils -- Could not detect default configuration classes for test class [com.wealthpro.orderexecution.controller.OrderControllerImplTest]: OrderControllerImplTest does not declare any static, non-private, non-final, nested classes annotated with @Configuration.
09:23:25.644 [main] INFO org.springframework.boot.test.context.SpringBootTestContextBootstrapper -- Found @SpringBootConfiguration com.wealthpro.orderexecution.OrderExecutionServiceApplication for test class com.wealthpro.orderexecution.controller.OrderControllerImplTest
09:23:25.838 [main] INFO org.springframework.boot.devtools.restart.RestartApplicationListener -- Restart disabled due to context in which it is running

  .   ____          _            __ _ _
 /\\ / ___'_ __ _ _(_)_ __  __ _ \ \ \ \
( ( )\___ | '_ | '_| | '_ \/ _` | \ \ \ \
 \\/  ___)| |_)| | | | | || (_| |  ) ) ) )
  '  |____| .__|_| |_|_| |_\__, | / / / /
 =========|_|==============|___/=/_/_/_/

 :: Spring Boot ::               (v3.5.11)

2026-03-26 09:23:26.959 [background-preinit] INFO  o.h.validator.internal.util.Version - HV000001: Hibernate Validator 8.0.3.Final
2026-03-26 09:23:27.102 [main] INFO  c.w.o.c.OrderControllerImplTest - Starting OrderControllerImplTest using Java 24.0.1 with PID 27016 (started by 2478178 in C:\Users\2478178\OneDrive - Cognizant\Documents\WealthPro - Project\order-execution-service)
2026-03-26 09:23:27.104 [main] DEBUG c.w.o.c.OrderControllerImplTest - Running with Spring Boot v3.5.11, Spring v6.2.16
2026-03-26 09:23:27.106 [main] INFO  c.w.o.c.OrderControllerImplTest - No active profile set, falling back to 1 default profile: "default"
2026-03-26 09:23:30.898 [main] INFO  o.s.b.t.m.w.SpringBootMockServletContext - Initializing Spring TestDispatcherServlet ''
2026-03-26 09:23:30.898 [main] INFO  o.s.t.w.s.TestDispatcherServlet - Initializing Servlet ''
2026-03-26 09:23:30.899 [main] INFO  o.s.t.w.s.TestDispatcherServlet - Completed initialization in 1 ms
2026-03-26 09:23:30.942 [main] INFO  c.w.o.c.OrderControllerImplTest - Started OrderControllerImplTest in 5.133 seconds (process running for 7.905)
]]></system-out>
    <system-err><![CDATA[Mockito is currently self-attaching to enable the inline-mock-maker. This will no longer work in future releases of the JDK. Please add Mockito as an agent to your build as described in Mockito's documentation: https://javadoc.io/doc/org.mockito/mockito-core/latest/org.mockito/org/mockito/Mockito.html#0.3
WARNING: A Java agent has been loaded dynamically (C:\Users\2478178\.m2\repository\net\bytebuddy\byte-buddy-agent\1.17.8\byte-buddy-agent-1.17.8.jar)
WARNING: If a serviceability tool is in use, please run with -XX:+EnableDynamicAgentLoading to hide this warning
WARNING: If a serviceability tool is not in use, please run with -Djdk.instrument.traceUsage for more information
WARNING: Dynamic loading of agents will be disallowed by default in a future release
]]></system-err>
  </testcase>
  <testcase name="testRouteOrder_positive" classname="com.wealthpro.orderexecution.controller.OrderControllerImplTest" time="0.041"/>
  <testcase name="testGetOrderById_positive" classname="com.wealthpro.orderexecution.controller.OrderControllerImplTest" time="0.01"/>
  <testcase name="testGetOrderById_exception" classname="com.wealthpro.orderexecution.controller.OrderControllerImplTest" time="0.029"/>
  <testcase name="testRunPreTradeChecks_positive" classname="com.wealthpro.orderexecution.controller.OrderControllerImplTest" time="0.014"/>
  <testcase name="testCreateOrder_positive" classname="com.wealthpro.orderexecution.controller.OrderControllerImplTest" time="0.21"/>
  <testcase name="testCreateOrder_negative" classname="com.wealthpro.orderexecution.controller.OrderControllerImplTest" time="0.033"/>
  <testcase name="testDeleteOrder_positive" classname="com.wealthpro.orderexecution.controller.OrderControllerImplTest" time="0.009"/>
  <testcase name="testCancelOrder_positive" classname="com.wealthpro.orderexecution.controller.OrderControllerImplTest" time="0.008"/>
</testsuite>