<?xml version="1.0" encoding="UTF-8"?>
<testsuite xmlns:xsi="http://www.w3.org/2001/XMLSchema-instance" xsi:noNamespaceSchemaLocation="https://maven.apache.org/surefire/maven-surefire-plugin/xsd/surefire-test-report.xsd" version="3.0.2" name="com.wealthpro.orderexecution.repository.OrderRepositoryTest" time="0.27" tests="13" errors="0" skipped="0" failures="0">
  <properties>
[...]
</properties>
  <testcase name="testDeleteById_positive" classname="com.wealthpro.orderexecution.repository.OrderRepositoryTest" time="0.011">
    <system-out><![CDATA[2026-03-26 09:23:36.792 [main] INFO  o.s.t.c.s.AnnotationConfigContextLoaderUtils - Could not detect default configuration classes for test class [com.wealthpro.orderexecution.repository.OrderRepositoryTest]: OrderRepositoryTest does not declare any static, non-private, non-final, nested classes annotated with @Configuration.
2026-03-26 09:23:36.807 [main] INFO  o.s.b.t.c.SpringBootTestContextBootstrapper - Found @SpringBootConfiguration com.wealthpro.orderexecution.OrderExecutionServiceApplication for test class com.wealthpro.orderexecution.repository.OrderRepositoryTest
Hibernate: 
    select
        o1_0.order_id,
        o1_0.client_id,
        o1_0.limit_price,
        o1_0.order_date,
        o1_0.price_type,
        o1_0.quantity,
        o1_0.routed_venue,
        o1_0.security_id,
        o1_0.side,
        o1_0.status 
    from
        orders o1_0
]]></system-out>
  </testcase>
  <testcase name="testFindAll_emptyTable_negative" classname="com.wealthpro.orderexecution.repository.OrderRepositoryTest" time="0.027">
    <system-out><![CDATA[Hibernate: 
    select
        o1_0.order_id,
        o1_0.client_id,
        o1_0.limit_price,
        o1_0.order_date,
        o1_0.price_type,
        o1_0.quantity,
        o1_0.routed_venue,
        o1_0.security_id,
        o1_0.side,
        o1_0.status 
    from
        orders o1_0
Hibernate: 
    insert 
    into
        orders
        (client_id, limit_price, order_date, price_type, quantity, routed_venue, security_id, side, status, order_id) 
    values
        (?, ?, ?, ?, ?, ?, ?, ?, ?, ?)
Hibernate: 
    insert 
    into
        orders
        (client_id, limit_price, order_date, price_type, quantity, routed_venue, security_id, side, status, order_id) 
    values
        (?, ?, ?, ?, ?, ?, ?, ?, ?, ?)
Hibernate: 
    insert 
    into
        orders
        (client_id, limit_price, order_date, price_type, quantity, routed_venue, security_id, side, status, order_id) 
    values
        (?, ?, ?, ?, ?, ?, ?, ?, ?, ?)
Hibernate: 
    select
        o1_0.order_id,
        o1_0.client_id,
        o1_0.limit_price,
        o1_0.order_date,
        o1_0.price_type,
        o1_0.quantity,
        o1_0.routed_venue,
        o1_0.security_id,
        o1_0.side,
        o1_0.status 
    from
        orders o1_0
Hibernate: 
    delete 
    from
        orders 
    where
        order_id=?
Hibernate: 
    delete 
    from
        orders 
    where
        order_id=?
Hibernate: 
    delete 
    from
        orders 
    where
        order_id=?
Hibernate: 
    select
        o1_0.order_id,
        o1_0.client_id,
        o1_0.limit_price,
        o1_0.order_date,
        o1_0.price_type,
        o1_0.quantity,
        o1_0.routed_venue,
        o1_0.security_id,
        o1_0.side,
        o1_0.status 
    from
        orders o1_0
]]></system-out>
  </testcase>
  <testcase name="testSave_positive" classname="com.wealthpro.orderexecution.repository.OrderRepositoryTest" time="0.016">
    <system-out><![CDATA[Hibernate: 
    select
        o1_0.order_id,
        o1_0.client_id,
        o1_0.limit_price,
        o1_0.order_date,
        o1_0.price_type,
        o1_0.quantity,
        o1_0.routed_venue,
        o1_0.security_id,
        o1_0.side,
        o1_0.status 
    from
        orders o1_0
Hibernate: 
    select
        next value for orders_seq
]]></system-out>
  </testcase>
  <testcase name="testFindAll_positive" classname="com.wealthpro.orderexecution.repository.OrderRepositoryTest" time="0.017">
    <system-out><![CDATA[Hibernate: 
    select
        o1_0.order_id,
        o1_0.client_id,
        o1_0.limit_price,
        o1_0.order_date,
        o1_0.price_type,
        o1_0.quantity,
        o1_0.routed_venue,
        o1_0.security_id,
        o1_0.side,
        o1_0.status 
    from
        orders o1_0
Hibernate: 
    insert 
    into
        orders
        (client_id, limit_price, order_date, price_type, quantity, routed_venue, security_id, side, status, order_id) 
    values
        (?, ?, ?, ?, ?, ?, ?, ?, ?, ?)
Hibernate: 
    insert 
    into
        orders
        (client_id, limit_price, order_date, price_type, quantity, routed_venue, security_id, side, status, order_id) 
    values
        (?, ?, ?, ?, ?, ?, ?, ?, ?, ?)
Hibernate: 
    insert 
    into
        orders
        (client_id, limit_price, order_date, price_type, quantity, routed_venue, security_id, side, status, order_id) 
    values
        (?, ?, ?, ?, ?, ?, ?, ?, ?, ?)
Hibernate: 
    select
        o1_0.order_id,
        o1_0.client_id,
        o1_0.limit_price,
        o1_0.order_date,
        o1_0.price_type,
        o1_0.quantity,
        o1_0.routed_venue,
        o1_0.security_id,
        o1_0.side,
        o1_0.status 
    from
        orders o1_0
]]></system-out>
  </testcase>
  <testcase name="testFindBySecurityId_noMatch_negative" classname="com.wealthpro.orderexecution.repository.OrderRepositoryTest" time="0.02">
    <system-out><![CDATA[Hibernate: 
    select
        o1_0.order_id,
        o1_0.client_id,
        o1_0.limit_price,
        o1_0.order_date,
        o1_0.price_type,
        o1_0.quantity,
        o1_0.routed_venue,
        o1_0.security_id,
        o1_0.side,
        o1_0.status 
    from
        orders o1_0
Hibernate: 
    insert 
    into
        orders
        (client_id, limit_price, order_date, price_type, quantity, routed_venue, security_id, side, status, order_id) 
    values
        (?, ?, ?, ?, ?, ?, ?, ?, ?, ?)
Hibernate: 
    insert 
    into
        orders
        (client_id, limit_price, order_date, price_type, quantity, routed_venue, security_id, side, status, order_id) 
    values
        (?, ?, ?, ?, ?, ?, ?, ?, ?, ?)
Hibernate: 
    insert 
    into
        orders
        (client_id, limit_price, order_date, price_type, quantity, routed_venue, security_id, side, status, order_id) 
    values
        (?, ?, ?, ?, ?, ?, ?, ?, ?, ?)
Hibernate: 
    select
        o1_0.order_id,
        o1_0.client_id,
        o1_0.limit_price,
        o1_0.order_date,
        o1_0.price_type,
        o1_0.quantity,
        o1_0.routed_venue,
        o1_0.security_id,
        o1_0.side,
        o1_0.status 
    from
        orders o1_0 
    where
        o1_0.security_id=?
]]></system-out>
  </testcase>
  <testcase name="testFindByStatus_noMatch_negative" classname="com.wealthpro.orderexecution.repository.OrderRepositoryTest" time="0.019">
    <system-out><![CDATA[Hibernate: 
    select
        o1_0.order_id,
        o1_0.client_id,
        o1_0.limit_price,
        o1_0.order_date,
        o1_0.price_type,
        o1_0.quantity,
        o1_0.routed_venue,
        o1_0.security_id,
        o1_0.side,
        o1_0.status 
    from
        orders o1_0
Hibernate: 
    insert 
    into
        orders
        (client_id, limit_price, order_date, price_type, quantity, routed_venue, security_id, side, status, order_id) 
    values
        (?, ?, ?, ?, ?, ?, ?, ?, ?, ?)
Hibernate: 
    insert 
    into
        orders
        (client_id, limit_price, order_date, price_type, quantity, routed_venue, security_id, side, status, order_id) 
    values
        (?, ?, ?, ?, ?, ?, ?, ?, ?, ?)
Hibernate: 
    insert 
    into
        orders
        (client_id, limit_price, order_date, price_type, quantity, routed_venue, security_id, side, status, order_id) 
    values
        (?, ?, ?, ?, ?, ?, ?, ?, ?, ?)
Hibernate: 
    select
        o1_0.order_id,
        o1_0.client_id,
        o1_0.limit_price,
        o1_0.order_date,
        o1_0.price_type,
        o1_0.quantity,
        o1_0.routed_venue,
        o1_0.security_id,
        o1_0.side,
        o1_0.status 
    from
        orders o1_0 
    where
        o1_0.status=?
]]></system-out>
  </testcase>
  <testcase name="testFindByClientId_positive" classname="com.wealthpro.orderexecution.repository.OrderRepositoryTest" time="0.02">
    <system-out><![CDATA[Hibernate: 
    select
        o1_0.order_id,
        o1_0.client_id,
        o1_0.limit_price,
        o1_0.order_date,
        o1_0.price_type,
        o1_0.quantity,
        o1_0.routed_venue,
        o1_0.security_id,
        o1_0.side,
        o1_0.status 
    from
        orders o1_0
Hibernate: 
    insert 
    into
        orders
        (client_id, limit_price, order_date, price_type, quantity, routed_venue, security_id, side, status, order_id) 
    values
        (?, ?, ?, ?, ?, ?, ?, ?, ?, ?)
Hibernate: 
    insert 
    into
        orders
        (client_id, limit_price, order_date, price_type, quantity, routed_venue, security_id, side, status, order_id) 
    values
        (?, ?, ?, ?, ?, ?, ?, ?, ?, ?)
Hibernate: 
    insert 
    into
        orders
        (client_id, limit_price, order_date, price_type, quantity, routed_venue, security_id, side, status, order_id) 
    values
        (?, ?, ?, ?, ?, ?, ?, ?, ?, ?)
Hibernate: 
    select
        o1_0.order_id,
        o1_0.client_id,
        o1_0.limit_price,
        o1_0.order_date,
        o1_0.price_type,
        o1_0.quantity,
        o1_0.routed_venue,
        o1_0.security_id,
        o1_0.side,
        o1_0.status 
    from
        orders o1_0 
    where
        o1_0.client_id=?
]]></system-out>
  </testcase>
  <testcase name="testFindBySecurityId_positive" classname="com.wealthpro.orderexecution.repository.OrderRepositoryTest" time="0.019">
    <system-out><![CDATA[Hibernate: 
    select
        o1_0.order_id,
        o1_0.client_id,
        o1_0.limit_price,
        o1_0.order_date,
        o1_0.price_type,
        o1_0.quantity,
        o1_0.routed_venue,
        o1_0.security_id,
        o1_0.side,
        o1_0.status 
    from
        orders o1_0
Hibernate: 
    insert 
    into
        orders
        (client_id, limit_price, order_date, price_type, quantity, routed_venue, security_id, side, status, order_id) 
    values
        (?, ?, ?, ?, ?, ?, ?, ?, ?, ?)
Hibernate: 
    insert 
    into
        orders
        (client_id, limit_price, order_date, price_type, quantity, routed_venue, security_id, side, status, order_id) 
    values
        (?, ?, ?, ?, ?, ?, ?, ?, ?, ?)
Hibernate: 
    insert 
    into
        orders
        (client_id, limit_price, order_date, price_type, quantity, routed_venue, security_id, side, status, order_id) 
    values
        (?, ?, ?, ?, ?, ?, ?, ?, ?, ?)
Hibernate: 
    select
        o1_0.order_id,
        o1_0.client_id,
        o1_0.limit_price,
        o1_0.order_date,
        o1_0.price_type,
        o1_0.quantity,
        o1_0.routed_venue,
        o1_0.security_id,
        o1_0.side,
        o1_0.status 
    from
        orders o1_0 
    where
        o1_0.security_id=?
]]></system-out>
  </testcase>
  <testcase name="testFindByStatus_positive" classname="com.wealthpro.orderexecution.repository.OrderRepositoryTest" time="0.017">
    <system-out><![CDATA[Hibernate: 
    select
        o1_0.order_id,
        o1_0.client_id,
        o1_0.limit_price,
        o1_0.order_date,
        o1_0.price_type,
        o1_0.quantity,
        o1_0.routed_venue,
        o1_0.security_id,
        o1_0.side,
        o1_0.status 
    from
        orders o1_0
Hibernate: 
    insert 
    into
        orders
        (client_id, limit_price, order_date, price_type, quantity, routed_venue, security_id, side, status, order_id) 
    values
        (?, ?, ?, ?, ?, ?, ?, ?, ?, ?)
Hibernate: 
    insert 
    into
        orders
        (client_id, limit_price, order_date, price_type, quantity, routed_venue, security_id, side, status, order_id) 
    values
        (?, ?, ?, ?, ?, ?, ?, ?, ?, ?)
Hibernate: 
    insert 
    into
        orders
        (client_id, limit_price, order_date, price_type, quantity, routed_venue, security_id, side, status, order_id) 
    values
        (?, ?, ?, ?, ?, ?, ?, ?, ?, ?)
Hibernate: 
    select
        o1_0.order_id,
        o1_0.client_id,
        o1_0.limit_price,
        o1_0.order_date,
        o1_0.price_type,
        o1_0.quantity,
        o1_0.routed_venue,
        o1_0.security_id,
        o1_0.side,
        o1_0.status 
    from
        orders o1_0 
    where
        o1_0.status=?
]]></system-out>
  </testcase>
  <testcase name="testSave_nullRequiredField_exception" classname="com.wealthpro.orderexecution.repository.OrderRepositoryTest" time="0.018">
    <system-out><![CDATA[Hibernate: 
    select
        o1_0.order_id,
        o1_0.client_id,
        o1_0.limit_price,
        o1_0.order_date,
        o1_0.price_type,
        o1_0.quantity,
        o1_0.routed_venue,
        o1_0.security_id,
        o1_0.side,
        o1_0.status 
    from
        orders o1_0
Hibernate: 
    insert 
    into
        orders
        (client_id, limit_price, order_date, price_type, quantity, routed_venue, security_id, side, status, order_id) 
    values
        (?, ?, ?, ?, ?, ?, ?, ?, ?, ?)
Hibernate: 
    insert 
    into
        orders
        (client_id, limit_price, order_date, price_type, quantity, routed_venue, security_id, side, status, order_id) 
    values
        (?, ?, ?, ?, ?, ?, ?, ?, ?, ?)
Hibernate: 
    insert 
    into
        orders
        (client_id, limit_price, order_date, price_type, quantity, routed_venue, security_id, side, status, order_id) 
    values
        (?, ?, ?, ?, ?, ?, ?, ?, ?, ?)
Hibernate: 
    insert 
    into
        orders
        (client_id, limit_price, order_date, price_type, quantity, routed_venue, security_id, side, status, order_id) 
    values
        (?, ?, ?, ?, ?, ?, ?, ?, ?, ?)
2026-03-26 09:23:37.006 [main] WARN  o.h.e.jdbc.spi.SqlExceptionHelper - SQL Error: 23502, SQLState: 23502
2026-03-26 09:23:37.006 [main] ERROR o.h.e.jdbc.spi.SqlExceptionHelper - NULL not allowed for column "CLIENT_ID"; SQL statement:
insert into orders (client_id,limit_price,order_date,price_type,quantity,routed_venue,security_id,side,status,order_id) values (?,?,?,?,?,?,?,?,?,?) [23502-232]
]]></system-out>
  </testcase>
  <testcase name="testFindById_positive" classname="com.wealthpro.orderexecution.repository.OrderRepositoryTest" time="0.011">
    <system-out><![CDATA[Hibernate: 
    select
        o1_0.order_id,
        o1_0.client_id,
        o1_0.limit_price,
        o1_0.order_date,
        o1_0.price_type,
        o1_0.quantity,
        o1_0.routed_venue,
        o1_0.security_id,
        o1_0.side,
        o1_0.status 
    from
        orders o1_0
]]></system-out>
  </testcase>
  <testcase name="testFindById_notFound_negative" classname="com.wealthpro.orderexecution.repository.OrderRepositoryTest" time="0.011">
    <system-out><![CDATA[Hibernate: 
    select
        o1_0.order_id,
        o1_0.client_id,
        o1_0.limit_price,
        o1_0.order_date,
        o1_0.price_type,
        o1_0.quantity,
        o1_0.routed_venue,
        o1_0.security_id,
        o1_0.side,
        o1_0.status 
    from
        orders o1_0
Hibernate: 
    select
        o1_0.order_id,
        o1_0.client_id,
        o1_0.limit_price,
        o1_0.order_date,
        o1_0.price_type,
        o1_0.quantity,
        o1_0.routed_venue,
        o1_0.security_id,
        o1_0.side,
        o1_0.status 
    from
        orders o1_0 
    where
        o1_0.order_id=?
]]></system-out>
  </testcase>
  <testcase name="testFindByClientId_noMatch_negative" classname="com.wealthpro.orderexecution.repository.OrderRepositoryTest" time="0.022">
    <system-out><![CDATA[Hibernate: 
    select
        o1_0.order_id,
        o1_0.client_id,
        o1_0.limit_price,
        o1_0.order_date,
        o1_0.price_type,
        o1_0.quantity,
        o1_0.routed_venue,
        o1_0.security_id,
        o1_0.side,
        o1_0.status 
    from
        orders o1_0
Hibernate: 
    insert 
    into
        orders
        (client_id, limit_price, order_date, price_type, quantity, routed_venue, security_id, side, status, order_id) 
    values
        (?, ?, ?, ?, ?, ?, ?, ?, ?, ?)
Hibernate: 
    insert 
    into
        orders
        (client_id, limit_price, order_date, price_type, quantity, routed_venue, security_id, side, status, order_id) 
    values
        (?, ?, ?, ?, ?, ?, ?, ?, ?, ?)
Hibernate: 
    insert 
    into
        orders
        (client_id, limit_price, order_date, price_type, quantity, routed_venue, security_id, side, status, order_id) 
    values
        (?, ?, ?, ?, ?, ?, ?, ?, ?, ?)
Hibernate: 
    select
        o1_0.order_id,
        o1_0.client_id,
        o1_0.limit_price,
        o1_0.order_date,
        o1_0.price_type,
        o1_0.quantity,
        o1_0.routed_venue,
        o1_0.security_id,
        o1_0.side,
        o1_0.status 
    from
        orders o1_0 
    where
        o1_0.client_id=?
]]></system-out>
  </testcase>
</testsuite>