<?xml version="1.0" encoding="UTF-8"?>
<testsuite xmlns:xsi="http://www.w3.org/2001/XMLSchema-instance" xsi:noNamespaceSchemaLocation="https://maven.apache.org/surefire/maven-surefire-plugin/xsd/surefire-test-report.xsd" version="3.0.2" name="com.wealthpro.analytics.repository.ComplianceBreachRepositoryTest" time="8.983" tests="14" errors="0" skipped="0" failures="0">
  <properties>
[...]
</properties>
  <testcase name="testFindByAccountIdAndStatus_acknowledged_positive" classname="com.wealthpro.analytics.repository.ComplianceBreachRepositoryTest" time="0.705">
    <system-out><![CDATA[2026-03-26 09:22:22.685 [main] INFO  o.s.t.c.s.AnnotationConfigContextLoaderUtils - Could not detect default configuration classes for test class [com.wealthpro.analytics.repository.ComplianceBreachRepositoryTest]: ComplianceBreachRepositoryTest does not declare any static, non-private, non-final, nested classes annotated with @Configuration.
2026-03-26 09:22:22.772 [main] INFO  o.s.b.t.c.SpringBootTestContextBootstrapper - Found @SpringBootConfiguration com.wealthpro.analytics.AnalyticsServiceApplication for test class com.wealthpro.analytics.repository.ComplianceBreachRepositoryTest
2026-03-26 09:22:22.779 [main] INFO  o.s.b.d.r.RestartApplicationListener - Restart disabled due to context in which it is running

  .   ____          _            __ _ _
 /\\ / ___'_ __ _ _(_)_ __  __ _ \ \ \ \
( ( )\___ | '_ | '_| | '_ \/ _` | \ \ \ \
 \\/  ___)| |_)| | | | | || (_| |  ) ) ) )
  '  |____| .__|_| |_|_| |_\__, | / / / /
 =========|_|==============|___/=/_/_/_/

 :: Spring Boot ::               (v3.5.11)

2026-03-26 09:22:22.881 [main] INFO  c.w.a.r.ComplianceBreachRepositoryTest - Starting ComplianceBreachRepositoryTest using Java 24.0.1 with PID 26380 (started by 2478178 in C:\Users\2478178\OneDrive - Cognizant\Documents\WealthPro - Project\analytics-service)
2026-03-26 09:22:22.881 [main] DEBUG c.w.a.r.ComplianceBreachRepositoryTest - Running with Spring Boot v3.5.11, Spring v6.2.16
2026-03-26 09:22:22.882 [main] INFO  c.w.a.r.ComplianceBreachRepositoryTest - The following 1 profile is active: "test"
2026-03-26 09:22:23.497 [main] INFO  o.s.d.r.c.RepositoryConfigurationDelegate - Bootstrapping Spring Data JPA repositories in DEFAULT mode.
2026-03-26 09:22:23.678 [main] INFO  o.s.d.r.c.RepositoryConfigurationDelegate - Finished Spring Data repository scanning in 148 ms. Found 3 JPA repository interfaces.
2026-03-26 09:22:23.803 [main] INFO  o.s.b.t.a.j.TestDatabaseAutoConfiguration$EmbeddedDataSourceBeanFactoryPostProcessor - Replacing 'dataSource' DataSource bean with embedded version
2026-03-26 09:22:23.974 [main] INFO  o.s.j.d.e.EmbeddedDatabaseFactory - Starting embedded database: url='jdbc:h2:mem:988cfee6-c76c-4b44-86b5-72e3fbc77e3b;DB_CLOSE_DELAY=-1;DB_CLOSE_ON_EXIT=false', username='sa'
2026-03-26 09:22:25.355 [main] INFO  o.h.jpa.internal.util.LogHelper - HHH000204: Processing PersistenceUnitInfo [name: default]
2026-03-26 09:22:25.604 [main] INFO  org.hibernate.Version - HHH000412: Hibernate ORM core version 6.6.42.Final
2026-03-26 09:22:25.746 [main] INFO  o.h.c.i.RegionFactoryInitiator - HHH000026: Second-level cache disabled
2026-03-26 09:22:26.236 [main] INFO  o.s.o.j.p.SpringPersistenceUnitInfo - No LoadTimeWeaver setup: ignoring JPA class transformer
2026-03-26 09:22:26.566 [main] INFO  o.hibernate.orm.connections.pooling - HHH10001005: Database info:
	Database JDBC URL [Connecting through datasource 'org.springframework.jdbc.datasource.embedded.EmbeddedDatabaseFactory$EmbeddedDataSourceProxy@3d9cbe5d']
	Database driver: undefined/unknown
	Database version: 2.3.232
	Autocommit mode: undefined/unknown
	Isolation level: undefined/unknown
	Minimum pool size: undefined/unknown
	Maximum pool size: undefined/unknown
2026-03-26 09:22:29.409 [main] INFO  o.h.e.t.j.p.i.JtaPlatformInitiator - HHH000489: No JTA platform available (set 'hibernate.transaction.jta.platform' to enable JTA platform integration)
Hibernate: 
    drop table if exists compliance_breaches cascade 
Hibernate: 
    drop table if exists performance_records cascade 
Hibernate: 
    drop table if exists risk_measures cascade 
Hibernate: 
    create table compliance_breaches (
        account_id bigint not null,
        breach_id bigint generated by default as identity,
        detected_at timestamp(6) not null,
        resolved_at timestamp(6),
        description varchar(255) not null,
        rule_violated varchar(255) not null,
        severity enum ('CRITICAL','HIGH','LOW','MEDIUM') not null,
        status enum ('ACKNOWLEDGED','CLOSED','OPEN') not null,
        primary key (breach_id)
    )
Hibernate: 
    create table performance_records (
        benchmark_return_percentage float(53) not null,
        end_date date not null,
        return_percentage float(53) not null,
        start_date date not null,
        account_id bigint not null,
        calculated_at timestamp(6) not null,
        portfolio_id bigint not null,
        record_id bigint generated by default as identity,
        period enum ('DAILY','MONTHLY') not null,
        primary key (record_id)
    )
Hibernate: 
    create table risk_measures (
        measure_value float(53) not null,
        account_id bigint not null,
        calculated_at timestamp(6) not null,
        measure_id bigint generated by default as identity,
        description varchar(255),
        measure_type enum ('MAX_DRAWDOWN','TRACKING_ERROR','VAR_95','VOLATILITY') not null,
        primary key (measure_id)
    )
2026-03-26 09:22:29.537 [main] INFO  o.s.o.j.LocalContainerEntityManagerFactoryBean - Initialized JPA EntityManagerFactory for persistence unit 'default'
2026-03-26 09:22:30.520 [main] INFO  c.w.a.r.ComplianceBreachRepositoryTest - Started ComplianceBreachRepositoryTest in 7.742 seconds (process running for 23.678)
Hibernate: 
    select
        cb1_0.breach_id,
        cb1_0.account_id,
        cb1_0.description,
        cb1_0.detected_at,
        cb1_0.resolved_at,
        cb1_0.rule_violated,
        cb1_0.severity,
        cb1_0.status 
    from
        compliance_breaches cb1_0
Hibernate: 
    insert 
    into
        compliance_breaches
        (account_id, description, detected_at, resolved_at, rule_violated, severity, status, breach_id) 
    values
        (?, ?, ?, ?, ?, ?, ?, default)
Hibernate: 
    insert 
    into
        compliance_breaches
        (account_id, description, detected_at, resolved_at, rule_violated, severity, status, breach_id) 
    values
        (?, ?, ?, ?, ?, ?, ?, default)
Hibernate: 
    insert 
    into
        compliance_breaches
        (account_id, description, detected_at, resolved_at, rule_violated, severity, status, breach_id) 
    values
        (?, ?, ?, ?, ?, ?, ?, default)
Hibernate: 
    select
        cb1_0.breach_id,
        cb1_0.account_id,
        cb1_0.description,
        cb1_0.detected_at,
        cb1_0.resolved_at,
        cb1_0.rule_violated,
        cb1_0.severity,
        cb1_0.status 
    from
        compliance_breaches cb1_0 
    where
        cb1_0.account_id=? 
        and cb1_0.status=?
]]></system-out>
  </testcase>
  <testcase name="testDeleteById_positive" classname="com.wealthpro.analytics.repository.ComplianceBreachRepositoryTest" time="0.048">
    <system-out><![CDATA[Hibernate: 
    select
        cb1_0.breach_id,
        cb1_0.account_id,
        cb1_0.description,
        cb1_0.detected_at,
        cb1_0.resolved_at,
        cb1_0.rule_violated,
        cb1_0.severity,
        cb1_0.status 
    from
        compliance_breaches cb1_0
Hibernate: 
    insert 
    into
        compliance_breaches
        (account_id, description, detected_at, resolved_at, rule_violated, severity, status, breach_id) 
    values
        (?, ?, ?, ?, ?, ?, ?, default)
Hibernate: 
    insert 
    into
        compliance_breaches
        (account_id, description, detected_at, resolved_at, rule_violated, severity, status, breach_id) 
    values
        (?, ?, ?, ?, ?, ?, ?, default)
Hibernate: 
    insert 
    into
        compliance_breaches
        (account_id, description, detected_at, resolved_at, rule_violated, severity, status, breach_id) 
    values
        (?, ?, ?, ?, ?, ?, ?, default)
]]></system-out>
  </testcase>
  <testcase name="testFindAll_emptyTable_negative" classname="com.wealthpro.analytics.repository.ComplianceBreachRepositoryTest" time="0.048">
    <system-out><![CDATA[Hibernate: 
    select
        cb1_0.breach_id,
        cb1_0.account_id,
        cb1_0.description,
        cb1_0.detected_at,
        cb1_0.resolved_at,
        cb1_0.rule_violated,
        cb1_0.severity,
        cb1_0.status 
    from
        compliance_breaches cb1_0
Hibernate: 
    insert 
    into
        compliance_breaches
        (account_id, description, detected_at, resolved_at, rule_violated, severity, status, breach_id) 
    values
        (?, ?, ?, ?, ?, ?, ?, default)
Hibernate: 
    insert 
    into
        compliance_breaches
        (account_id, description, detected_at, resolved_at, rule_violated, severity, status, breach_id) 
    values
        (?, ?, ?, ?, ?, ?, ?, default)
Hibernate: 
    insert 
    into
        compliance_breaches
        (account_id, description, detected_at, resolved_at, rule_violated, severity, status, breach_id) 
    values
        (?, ?, ?, ?, ?, ?, ?, default)
Hibernate: 
    select
        cb1_0.breach_id,
        cb1_0.account_id,
        cb1_0.description,
        cb1_0.detected_at,
        cb1_0.resolved_at,
        cb1_0.rule_violated,
        cb1_0.severity,
        cb1_0.status 
    from
        compliance_breaches cb1_0
Hibernate: 
    delete 
    from
        compliance_breaches 
    where
        breach_id=?
Hibernate: 
    delete 
    from
        compliance_breaches 
    where
        breach_id=?
Hibernate: 
    delete 
    from
        compliance_breaches 
    where
        breach_id=?
Hibernate: 
    select
        cb1_0.breach_id,
        cb1_0.account_id,
        cb1_0.description,
        cb1_0.detected_at,
        cb1_0.resolved_at,
        cb1_0.rule_violated,
        cb1_0.severity,
        cb1_0.status 
    from
        compliance_breaches cb1_0
]]></system-out>
  </testcase>
  <testcase name="testFindByAccountIdAndStatus_wrongAccountId_negative" classname="com.wealthpro.analytics.repository.ComplianceBreachRepositoryTest" time="0.025">
    <system-out><![CDATA[Hibernate: 
    select
        cb1_0.breach_id,
        cb1_0.account_id,
        cb1_0.description,
        cb1_0.detected_at,
        cb1_0.resolved_at,
        cb1_0.rule_violated,
        cb1_0.severity,
        cb1_0.status 
    from
        compliance_breaches cb1_0
Hibernate: 
    insert 
    into
        compliance_breaches
        (account_id, description, detected_at, resolved_at, rule_violated, severity, status, breach_id) 
    values
        (?, ?, ?, ?, ?, ?, ?, default)
Hibernate: 
    insert 
    into
        compliance_breaches
        (account_id, description, detected_at, resolved_at, rule_violated, severity, status, breach_id) 
    values
        (?, ?, ?, ?, ?, ?, ?, default)
Hibernate: 
    insert 
    into
        compliance_breaches
        (account_id, description, detected_at, resolved_at, rule_violated, severity, status, breach_id) 
    values
        (?, ?, ?, ?, ?, ?, ?, default)
Hibernate: 
    select
        cb1_0.breach_id,
        cb1_0.account_id,
        cb1_0.description,
        cb1_0.detected_at,
        cb1_0.resolved_at,
        cb1_0.rule_violated,
        cb1_0.severity,
        cb1_0.status 
    from
        compliance_breaches cb1_0 
    where
        cb1_0.account_id=? 
        and cb1_0.status=?
]]></system-out>
  </testcase>
  <testcase name="testSave_positive" classname="com.wealthpro.analytics.repository.ComplianceBreachRepositoryTest" time="0.026">
    <system-out><![CDATA[Hibernate: 
    select
        cb1_0.breach_id,
        cb1_0.account_id,
        cb1_0.description,
        cb1_0.detected_at,
        cb1_0.resolved_at,
        cb1_0.rule_violated,
        cb1_0.severity,
        cb1_0.status 
    from
        compliance_breaches cb1_0
Hibernate: 
    insert 
    into
        compliance_breaches
        (account_id, description, detected_at, resolved_at, rule_violated, severity, status, breach_id) 
    values
        (?, ?, ?, ?, ?, ?, ?, default)
Hibernate: 
    insert 
    into
        compliance_breaches
        (account_id, description, detected_at, resolved_at, rule_violated, severity, status, breach_id) 
    values
        (?, ?, ?, ?, ?, ?, ?, default)
Hibernate: 
    insert 
    into
        compliance_breaches
        (account_id, description, detected_at, resolved_at, rule_violated, severity, status, breach_id) 
    values
        (?, ?, ?, ?, ?, ?, ?, default)
Hibernate: 
    insert 
    into
        compliance_breaches
        (account_id, description, detected_at, resolved_at, rule_violated, severity, status, breach_id) 
    values
        (?, ?, ?, ?, ?, ?, ?, default)
]]></system-out>
  </testcase>
  <testcase name="testFindAll_positive" classname="com.wealthpro.analytics.repository.ComplianceBreachRepositoryTest" time="0.026">
    <system-out><![CDATA[Hibernate: 
    select
        cb1_0.breach_id,
        cb1_0.account_id,
        cb1_0.description,
        cb1_0.detected_at,
        cb1_0.resolved_at,
        cb1_0.rule_violated,
        cb1_0.severity,
        cb1_0.status 
    from
        compliance_breaches cb1_0
Hibernate: 
    insert 
    into
        compliance_breaches
        (account_id, description, detected_at, resolved_at, rule_violated, severity, status, breach_id) 
    values
        (?, ?, ?, ?, ?, ?, ?, default)
Hibernate: 
    insert 
    into
        compliance_breaches
        (account_id, description, detected_at, resolved_at, rule_violated, severity, status, breach_id) 
    values
        (?, ?, ?, ?, ?, ?, ?, default)
Hibernate: 
    insert 
    into
        compliance_breaches
        (account_id, description, detected_at, resolved_at, rule_violated, severity, status, breach_id) 
    values
        (?, ?, ?, ?, ?, ?, ?, default)
Hibernate: 
    select
        cb1_0.breach_id,
        cb1_0.account_id,
        cb1_0.description,
        cb1_0.detected_at,
        cb1_0.resolved_at,
        cb1_0.rule_violated,
        cb1_0.severity,
        cb1_0.status 
    from
        compliance_breaches cb1_0
]]></system-out>
  </testcase>
  <testcase name="testFindByAccountId_positive" classname="com.wealthpro.analytics.repository.ComplianceBreachRepositoryTest" time="0.027">
    <system-out><![CDATA[Hibernate: 
    select
        cb1_0.breach_id,
        cb1_0.account_id,
        cb1_0.description,
        cb1_0.detected_at,
        cb1_0.resolved_at,
        cb1_0.rule_violated,
        cb1_0.severity,
        cb1_0.status 
    from
        compliance_breaches cb1_0
Hibernate: 
    insert 
    into
        compliance_breaches
        (account_id, description, detected_at, resolved_at, rule_violated, severity, status, breach_id) 
    values
        (?, ?, ?, ?, ?, ?, ?, default)
Hibernate: 
    insert 
    into
        compliance_breaches
        (account_id, description, detected_at, resolved_at, rule_violated, severity, status, breach_id) 
    values
        (?, ?, ?, ?, ?, ?, ?, default)
Hibernate: 
    insert 
    into
        compliance_breaches
        (account_id, description, detected_at, resolved_at, rule_violated, severity, status, breach_id) 
    values
        (?, ?, ?, ?, ?, ?, ?, default)
Hibernate: 
    select
        cb1_0.breach_id,
        cb1_0.account_id,
        cb1_0.description,
        cb1_0.detected_at,
        cb1_0.resolved_at,
        cb1_0.rule_violated,
        cb1_0.severity,
        cb1_0.status 
    from
        compliance_breaches cb1_0 
    where
        cb1_0.account_id=?
]]></system-out>
  </testcase>
  <testcase name="testFindByAccountIdAndStatus_positive" classname="com.wealthpro.analytics.repository.ComplianceBreachRepositoryTest" time="0.025">
    <system-out><![CDATA[Hibernate: 
    select
        cb1_0.breach_id,
        cb1_0.account_id,
        cb1_0.description,
        cb1_0.detected_at,
        cb1_0.resolved_at,
        cb1_0.rule_violated,
        cb1_0.severity,
        cb1_0.status 
    from
        compliance_breaches cb1_0
Hibernate: 
    insert 
    into
        compliance_breaches
        (account_id, description, detected_at, resolved_at, rule_violated, severity, status, breach_id) 
    values
        (?, ?, ?, ?, ?, ?, ?, default)
Hibernate: 
    insert 
    into
        compliance_breaches
        (account_id, description, detected_at, resolved_at, rule_violated, severity, status, breach_id) 
    values
        (?, ?, ?, ?, ?, ?, ?, default)
Hibernate: 
    insert 
    into
        compliance_breaches
        (account_id, description, detected_at, resolved_at, rule_violated, severity, status, breach_id) 
    values
        (?, ?, ?, ?, ?, ?, ?, default)
Hibernate: 
    select
        cb1_0.breach_id,
        cb1_0.account_id,
        cb1_0.description,
        cb1_0.detected_at,
        cb1_0.resolved_at,
        cb1_0.rule_violated,
        cb1_0.severity,
        cb1_0.status 
    from
        compliance_breaches cb1_0 
    where
        cb1_0.account_id=? 
        and cb1_0.status=?
]]></system-out>
  </testcase>
  <testcase name="testSave_nullRequiredField_exception" classname="com.wealthpro.analytics.repository.ComplianceBreachRepositoryTest" time="0.048">
    <system-out><![CDATA[Hibernate: 
    select
        cb1_0.breach_id,
        cb1_0.account_id,
        cb1_0.description,
        cb1_0.detected_at,
        cb1_0.resolved_at,
        cb1_0.rule_violated,
        cb1_0.severity,
        cb1_0.status 
    from
        compliance_breaches cb1_0
Hibernate: 
    insert 
    into
        compliance_breaches
        (account_id, description, detected_at, resolved_at, rule_violated, severity, status, breach_id) 
    values
        (?, ?, ?, ?, ?, ?, ?, default)
Hibernate: 
    insert 
    into
        compliance_breaches
        (account_id, description, detected_at, resolved_at, rule_violated, severity, status, breach_id) 
    values
        (?, ?, ?, ?, ?, ?, ?, default)
Hibernate: 
    insert 
    into
        compliance_breaches
        (account_id, description, detected_at, resolved_at, rule_violated, severity, status, breach_id) 
    values
        (?, ?, ?, ?, ?, ?, ?, default)
Hibernate: 
    insert 
    into
        compliance_breaches
        (account_id, description, detected_at, resolved_at, rule_violated, severity, status, breach_id) 
    values
        (?, ?, ?, ?, ?, ?, ?, default)
2026-03-26 09:22:31.507 [main] WARN  o.h.e.jdbc.spi.SqlExceptionHelper - SQL Error: 23502, SQLState: 23502
2026-03-26 09:22:31.507 [main] ERROR o.h.e.jdbc.spi.SqlExceptionHelper - NULL not allowed for column "RULE_VIOLATED"; SQL statement:
insert into compliance_breaches (account_id,description,detected_at,resolved_at,rule_violated,severity,status,breach_id) values (?,?,?,?,?,?,?,default) [23502-232]
]]></system-out>
  </testcase>
  <testcase name="testFindById_positive" classname="com.wealthpro.analytics.repository.ComplianceBreachRepositoryTest" time="0.022">
    <system-out><![CDATA[Hibernate: 
    select
        cb1_0.breach_id,
        cb1_0.account_id,
        cb1_0.description,
        cb1_0.detected_at,
        cb1_0.resolved_at,
        cb1_0.rule_violated,
        cb1_0.severity,
        cb1_0.status 
    from
        compliance_breaches cb1_0
Hibernate: 
    insert 
    into
        compliance_breaches
        (account_id, description, detected_at, resolved_at, rule_violated, severity, status, breach_id) 
    values
        (?, ?, ?, ?, ?, ?, ?, default)
Hibernate: 
    insert 
    into
        compliance_breaches
        (account_id, description, detected_at, resolved_at, rule_violated, severity, status, breach_id) 
    values
        (?, ?, ?, ?, ?, ?, ?, default)
Hibernate: 
    insert 
    into
        compliance_breaches
        (account_id, description, detected_at, resolved_at, rule_violated, severity, status, breach_id) 
    values
        (?, ?, ?, ?, ?, ?, ?, default)
]]></system-out>
  </testcase>
  <testcase name="testFindById_notFound_negative" classname="com.wealthpro.analytics.repository.ComplianceBreachRepositoryTest" time="0.032">
    <system-out><![CDATA[Hibernate: 
    select
        cb1_0.breach_id,
        cb1_0.account_id,
        cb1_0.description,
        cb1_0.detected_at,
        cb1_0.resolved_at,
        cb1_0.rule_violated,
        cb1_0.severity,
        cb1_0.status 
    from
        compliance_breaches cb1_0
Hibernate: 
    insert 
    into
        compliance_breaches
        (account_id, description, detected_at, resolved_at, rule_violated, severity, status, breach_id) 
    values
        (?, ?, ?, ?, ?, ?, ?, default)
Hibernate: 
    insert 
    into
        compliance_breaches
        (account_id, description, detected_at, resolved_at, rule_violated, severity, status, breach_id) 
    values
        (?, ?, ?, ?, ?, ?, ?, default)
Hibernate: 
    insert 
    into
        compliance_breaches
        (account_id, description, detected_at, resolved_at, rule_violated, severity, status, breach_id) 
    values
        (?, ?, ?, ?, ?, ?, ?, default)
Hibernate: 
    select
        cb1_0.breach_id,
        cb1_0.account_id,
        cb1_0.description,
        cb1_0.detected_at,
        cb1_0.resolved_at,
        cb1_0.rule_violated,
        cb1_0.severity,
        cb1_0.status 
    from
        compliance_breaches cb1_0 
    where
        cb1_0.breach_id=?
]]></system-out>
  </testcase>
  <testcase name="testFindByAccountId_noMatch_negative" classname="com.wealthpro.analytics.repository.ComplianceBreachRepositoryTest" time="0.023">
    <system-out><![CDATA[Hibernate: 
    select
        cb1_0.breach_id,
        cb1_0.account_id,
        cb1_0.description,
        cb1_0.detected_at,
        cb1_0.resolved_at,
        cb1_0.rule_violated,
        cb1_0.severity,
        cb1_0.status 
    from
        compliance_breaches cb1_0
Hibernate: 
    insert 
    into
        compliance_breaches
        (account_id, description, detected_at, resolved_at, rule_violated, severity, status, breach_id) 
    values
        (?, ?, ?, ?, ?, ?, ?, default)
Hibernate: 
    insert 
    into
        compliance_breaches
        (account_id, description, detected_at, resolved_at, rule_violated, severity, status, breach_id) 
    values
        (?, ?, ?, ?, ?, ?, ?, default)
Hibernate: 
    insert 
    into
        compliance_breaches
        (account_id, description, detected_at, resolved_at, rule_violated, severity, status, breach_id) 
    values
        (?, ?, ?, ?, ?, ?, ?, default)
Hibernate: 
    select
        cb1_0.breach_id,
        cb1_0.account_id,
        cb1_0.description,
        cb1_0.detected_at,
        cb1_0.resolved_at,
        cb1_0.rule_violated,
        cb1_0.severity,
        cb1_0.status 
    from
        compliance_breaches cb1_0 
    where
        cb1_0.account_id=?
]]></system-out>
  </testcase>
  <testcase name="testFindByAccountIdAndStatus_wrongStatus_negative" classname="com.wealthpro.analytics.repository.ComplianceBreachRepositoryTest" time="0.023">
    <system-out><![CDATA[Hibernate: 
    select
        cb1_0.breach_id,
        cb1_0.account_id,
        cb1_0.description,
        cb1_0.detected_at,
        cb1_0.resolved_at,
        cb1_0.rule_violated,
        cb1_0.severity,
        cb1_0.status 
    from
        compliance_breaches cb1_0
Hibernate: 
    insert 
    into
        compliance_breaches
        (account_id, description, detected_at, resolved_at, rule_violated, severity, status, breach_id) 
    values
        (?, ?, ?, ?, ?, ?, ?, default)
Hibernate: 
    insert 
    into
        compliance_breaches
        (account_id, description, detected_at, resolved_at, rule_violated, severity, status, breach_id) 
    values
        (?, ?, ?, ?, ?, ?, ?, default)
Hibernate: 
    insert 
    into
        compliance_breaches
        (account_id, description, detected_at, resolved_at, rule_violated, severity, status, breach_id) 
    values
        (?, ?, ?, ?, ?, ?, ?, default)
Hibernate: 
    select
        cb1_0.breach_id,
        cb1_0.account_id,
        cb1_0.description,
        cb1_0.detected_at,
        cb1_0.resolved_at,
        cb1_0.rule_violated,
        cb1_0.severity,
        cb1_0.status 
    from
        compliance_breaches cb1_0 
    where
        cb1_0.account_id=? 
        and cb1_0.status=?
]]></system-out>
  </testcase>
  <testcase name="testFindByAccountId_singleResult_positive" classname="com.wealthpro.analytics.repository.ComplianceBreachRepositoryTest" time="0.023">
    <system-out><![CDATA[Hibernate: 
    select
        cb1_0.breach_id,
        cb1_0.account_id,
        cb1_0.description,
        cb1_0.detected_at,
        cb1_0.resolved_at,
        cb1_0.rule_violated,
        cb1_0.severity,
        cb1_0.status 
    from
        compliance_breaches cb1_0
Hibernate: 
    insert 
    into
        compliance_breaches
        (account_id, description, detected_at, resolved_at, rule_violated, severity, status, breach_id) 
    values
        (?, ?, ?, ?, ?, ?, ?, default)
Hibernate: 
    insert 
    into
        compliance_breaches
        (account_id, description, detected_at, resolved_at, rule_violated, severity, status, breach_id) 
    values
        (?, ?, ?, ?, ?, ?, ?, default)
Hibernate: 
    insert 
    into
        compliance_breaches
        (account_id, description, detected_at, resolved_at, rule_violated, severity, status, breach_id) 
    values
        (?, ?, ?, ?, ?, ?, ?, default)
Hibernate: 
    select
        cb1_0.breach_id,
        cb1_0.account_id,
        cb1_0.description,
        cb1_0.detected_at,
        cb1_0.resolved_at,
        cb1_0.rule_violated,
        cb1_0.severity,
        cb1_0.status 
    from
        compliance_breaches cb1_0 
    where
        cb1_0.account_id=?
]]></system-out>
  </testcase>
</testsuite>