<?xml version="1.0" encoding="UTF-8"?>
<testsuite xmlns:xsi="http://www.w3.org/2001/XMLSchema-instance" xsi:noNamespaceSchemaLocation="https://maven.apache.org/surefire/maven-surefire-plugin/xsd/surefire-test-report.xsd" version="3.0.2" name="com.reviewservice.repository.ReviewRepositoryTest" time="6.756" tests="6" errors="0" skipped="0" failures="0" flakes="0">
  <properties>
[...]
</properties>
  <testcase name="testFindAll" classname="com.reviewservice.repository.ReviewRepositoryTest" time="0.605">
    <system-out><![CDATA[2026-03-21T00:07:54.726+05:30  INFO 26428 --- [           main] t.c.s.AnnotationConfigContextLoaderUtils : Could not detect default configuration classes for test class [com.reviewservice.repository.ReviewRepositoryTest]: ReviewRepositoryTest does not declare any static, non-private, non-final, nested classes annotated with @Configuration.
2026-03-21T00:07:54.773+05:30  INFO 26428 --- [           main] .b.t.c.SpringBootTestContextBootstrapper : Found @SpringBootConfiguration com.reviewservice.ReviewServiceApplication for test class com.reviewservice.repository.ReviewRepositoryTest

  .   ____          _            __ _ _
 /\\ / ___'_ __ _ _(_)_ __  __ _ \ \ \ \
( ( )\___ | '_ | '_| | '_ \/ _` | \ \ \ \
 \\/  ___)| |_)| | | | | || (_| |  ) ) ) )
  '  |____| .__|_| |_|_| |_\__, | / / / /
 =========|_|==============|___/=/_/_/_/

 :: Spring Boot ::               (v3.5.12)

2026-03-21T00:07:54.834+05:30  INFO 26428 --- [           main] c.r.repository.ReviewRepositoryTest      : Starting ReviewRepositoryTest using Java 21.0.2 with PID 26428 (started by 2478194 in C:\Review)
2026-03-21T00:07:54.835+05:30  INFO 26428 --- [           main] c.r.repository.ReviewRepositoryTest      : The following 1 profile is active: "test"
2026-03-21T00:07:55.325+05:30  INFO 26428 --- [           main] .s.d.r.c.RepositoryConfigurationDelegate : Bootstrapping Spring Data JPA repositories in DEFAULT mode.
2026-03-21T00:07:55.461+05:30  INFO 26428 --- [           main] .s.d.r.c.RepositoryConfigurationDelegate : Finished Spring Data repository scanning in 107 ms. Found 2 JPA repository interfaces.
2026-03-21T00:07:55.593+05:30  INFO 26428 --- [           main] beddedDataSourceBeanFactoryPostProcessor : Replacing 'dataSource' DataSource bean with embedded version
2026-03-21T00:07:55.736+05:30  INFO 26428 --- [           main] o.s.j.d.e.EmbeddedDatabaseFactory        : Starting embedded database: url='jdbc:h2:mem:f99847a4-068a-4ceb-843f-3dfc6ed5834c;DB_CLOSE_DELAY=-1;DB_CLOSE_ON_EXIT=false', username='sa'
2026-03-21T00:07:56.840+05:30  INFO 26428 --- [           main] o.hibernate.jpa.internal.util.LogHelper  : HHH000204: Processing PersistenceUnitInfo [name: default]
2026-03-21T00:07:57.045+05:30  INFO 26428 --- [           main] org.hibernate.Version                    : HHH000412: Hibernate ORM core version 6.6.44.Final
2026-03-21T00:07:57.145+05:30  INFO 26428 --- [           main] o.h.c.internal.RegionFactoryInitiator    : HHH000026: Second-level cache disabled
2026-03-21T00:07:57.557+05:30  INFO 26428 --- [           main] o.s.o.j.p.SpringPersistenceUnitInfo      : No LoadTimeWeaver setup: ignoring JPA class transformer
2026-03-21T00:07:57.694+05:30  WARN 26428 --- [           main] org.hibernate.orm.deprecation            : HHH90000025: H2Dialect does not need to be specified explicitly using 'hibernate.dialect' (remove the property setting and it will be selected by default)
2026-03-21T00:07:57.760+05:30  INFO 26428 --- [           main] org.hibernate.orm.connections.pooling    : HHH10001005: Database info:
	Database JDBC URL [Connecting through datasource 'org.springframework.jdbc.datasource.embedded.EmbeddedDatabaseFactory$EmbeddedDataSourceProxy@3c8cdf92']
	Database driver: undefined/unknown
	Database version: 2.3.232
	Autocommit mode: undefined/unknown
	Isolation level: undefined/unknown
	Minimum pool size: undefined/unknown
	Maximum pool size: undefined/unknown
2026-03-21T00:07:59.805+05:30  INFO 26428 --- [           main] o.h.e.t.j.p.i.JtaPlatformInitiator       : HHH000489: No JTA platform available (set 'hibernate.transaction.jta.platform' to enable JTA platform integration)
Hibernate: drop table if exists reviews cascade 
Hibernate: drop table if exists statements cascade 
Hibernate: create table reviews (period_end date not null, period_start date not null, review_date date not null, account_id bigint not null, review_id bigint generated by default as identity, reviewed_by varchar(150) not null, highlights_json TEXT not null, period_type enum ('ANNUAL','HALF_YEARLY','MONTHLY','QUARTERLY') not null, status enum ('CANCELLED','COMPLETED','IN_PROGRESS','SCHEDULED') not null, primary key (review_id))
Hibernate: create table statements (generated_date date not null, period_end date not null, period_start date not null, account_id bigint not null, statement_id bigint generated by default as identity, summary_json TEXT not null, period_type enum ('ANNUAL','HALF_YEARLY','MONTHLY','QUARTERLY') not null, status enum ('DELIVERED','FAILED','GENERATED','PENDING') not null, primary key (statement_id))
2026-03-21T00:07:59.926+05:30  INFO 26428 --- [           main] j.LocalContainerEntityManagerFactoryBean : Initialized JPA EntityManagerFactory for persistence unit 'default'
2026-03-21T00:08:00.664+05:30  INFO 26428 --- [           main] c.r.repository.ReviewRepositoryTest      : Started ReviewRepositoryTest in 5.887 seconds (process running for 20.535)
Hibernate: select r1_0.review_id,r1_0.account_id,r1_0.highlights_json,r1_0.period_end,r1_0.period_start,r1_0.period_type,r1_0.review_date,r1_0.reviewed_by,r1_0.status from reviews r1_0
Hibernate: insert into reviews (account_id,highlights_json,period_end,period_start,period_type,review_date,reviewed_by,status,review_id) values (?,?,?,?,?,?,?,?,default)
Hibernate: select r1_0.review_id,r1_0.account_id,r1_0.highlights_json,r1_0.period_end,r1_0.period_start,r1_0.period_type,r1_0.review_date,r1_0.reviewed_by,r1_0.status from reviews r1_0
]]></system-out>
  </testcase>
  <testcase name="testExistsByAccountId" classname="com.reviewservice.repository.ReviewRepositoryTest" time="0.069">
    <system-out><![CDATA[Hibernate: select r1_0.review_id,r1_0.account_id,r1_0.highlights_json,r1_0.period_end,r1_0.period_start,r1_0.period_type,r1_0.review_date,r1_0.reviewed_by,r1_0.status from reviews r1_0
Hibernate: insert into reviews (account_id,highlights_json,period_end,period_start,period_type,review_date,reviewed_by,status,review_id) values (?,?,?,?,?,?,?,?,default)
Hibernate: select r1_0.review_id from reviews r1_0 where r1_0.account_id=? fetch first ? rows only
Hibernate: select r1_0.review_id from reviews r1_0 where r1_0.account_id=? fetch first ? rows only
]]></system-out>
  </testcase>
  <testcase name="testFindByAccountId" classname="com.reviewservice.repository.ReviewRepositoryTest" time="0.028">
    <system-out><![CDATA[Hibernate: select r1_0.review_id,r1_0.account_id,r1_0.highlights_json,r1_0.period_end,r1_0.period_start,r1_0.period_type,r1_0.review_date,r1_0.reviewed_by,r1_0.status from reviews r1_0
Hibernate: insert into reviews (account_id,highlights_json,period_end,period_start,period_type,review_date,reviewed_by,status,review_id) values (?,?,?,?,?,?,?,?,default)
Hibernate: select r1_0.review_id,r1_0.account_id,r1_0.highlights_json,r1_0.period_end,r1_0.period_start,r1_0.period_type,r1_0.review_date,r1_0.reviewed_by,r1_0.status from reviews r1_0 where r1_0.account_id=?
]]></system-out>
  </testcase>
  <testcase name="testDeleteById" classname="com.reviewservice.repository.ReviewRepositoryTest" time="0.04">
    <system-out><![CDATA[Hibernate: select r1_0.review_id,r1_0.account_id,r1_0.highlights_json,r1_0.period_end,r1_0.period_start,r1_0.period_type,r1_0.review_date,r1_0.reviewed_by,r1_0.status from reviews r1_0
Hibernate: insert into reviews (account_id,highlights_json,period_end,period_start,period_type,review_date,reviewed_by,status,review_id) values (?,?,?,?,?,?,?,?,default)
]]></system-out>
  </testcase>
  <testcase name="testFindByAccountIdAndStatus" classname="com.reviewservice.repository.ReviewRepositoryTest" time="0.029">
    <system-out><![CDATA[Hibernate: select r1_0.review_id,r1_0.account_id,r1_0.highlights_json,r1_0.period_end,r1_0.period_start,r1_0.period_type,r1_0.review_date,r1_0.reviewed_by,r1_0.status from reviews r1_0
Hibernate: insert into reviews (account_id,highlights_json,period_end,period_start,period_type,review_date,reviewed_by,status,review_id) values (?,?,?,?,?,?,?,?,default)
Hibernate: select r1_0.review_id,r1_0.account_id,r1_0.highlights_json,r1_0.period_end,r1_0.period_start,r1_0.period_type,r1_0.review_date,r1_0.reviewed_by,r1_0.status from reviews r1_0 where r1_0.account_id=? and r1_0.status=?
]]></system-out>
  </testcase>
  <testcase name="testSaveAndFindById" classname="com.reviewservice.repository.ReviewRepositoryTest" time="0.018">
    <system-out><![CDATA[Hibernate: select r1_0.review_id,r1_0.account_id,r1_0.highlights_json,r1_0.period_end,r1_0.period_start,r1_0.period_type,r1_0.review_date,r1_0.reviewed_by,r1_0.status from reviews r1_0
Hibernate: insert into reviews (account_id,highlights_json,period_end,period_start,period_type,review_date,reviewed_by,status,review_id) values (?,?,?,?,?,?,?,?,default)
]]></system-out>
  </testcase>
</testsuite>